2024-07-16 09:28:23 error: ======================
2024-07-16 09:28:23 error: Mongo Err:  querySrv ETIMEOUT _mongodb._tcp.cluster0.0xdzh4f.mongodb.net
2024-07-16 09:28:23 error: ======================
2024-07-16 09:29:51 error: ======================
2024-07-16 09:29:51 error: Mongo Err:  querySrv ETIMEOUT _mongodb._tcp.cluster0.0xdzh4f.mongodb.net
2024-07-16 09:29:51 error: ======================
2024-07-16 09:30:41 error: ======================
2024-07-16 09:30:41 error: Mongo Err:  querySrv ETIMEOUT _mongodb._tcp.cluster0.0xdzh4f.mongodb.net
2024-07-16 09:30:41 error: ======================
2024-07-16 09:35:55 error: ======================
2024-07-16 09:35:55 error: Mongo Err:  querySrv ETIMEOUT _mongodb._tcp.cluster0.0xdzh4f.mongodb.net
2024-07-16 09:35:55 error: ======================
2024-07-16 09:36:12 error: ======================
2024-07-16 09:36:12 error: Mongo Err:  querySrv ETIMEOUT _mongodb._tcp.cluster0.0xdzh4f.mongodb.net
2024-07-16 09:36:12 error: ======================
2024-07-16 09:40:26 error: ======================
2024-07-16 09:40:26 error: Mongo Err:  querySrv ETIMEOUT _mongodb._tcp.cluster0.0xdzh4f.mongodb.net
2024-07-16 09:40:26 error: ======================
2024-07-16 09:40:42 error: ======================
2024-07-16 09:40:42 error: Mongo Err:  querySrv ETIMEOUT _mongodb._tcp.cluster0.0xdzh4f.mongodb.net
2024-07-16 09:40:42 error: ======================
2024-07-16 10:17:11 error: ======================
2024-07-16 10:17:11 error: Mongo Err:  querySrv ETIMEOUT _mongodb._tcp.cluster0.0xdzh4f.mongodb.net
2024-07-16 10:17:11 error: ======================
2024-07-16 10:17:19 error: ======================
2024-07-16 10:17:19 error: Mongo Err:  querySrv ETIMEOUT _mongodb._tcp.cluster0.0xdzh4f.mongodb.net
2024-07-16 10:17:19 error: ======================
2024-07-16 10:18:14 error: ======================
2024-07-16 10:18:14 error: Mongo Err:  querySrv ETIMEOUT _mongodb._tcp.cluster0.0xdzh4f.mongodb.net
2024-07-16 10:18:14 error: ======================
2024-07-16 10:18:27 error: ======================
2024-07-16 10:18:27 error: Mongo Err:  querySrv ETIMEOUT _mongodb._tcp.cluster0.0xdzh4f.mongodb.net
2024-07-16 10:18:27 error: ======================
2024-07-16 13:47:55 error: uncaughtException: Cannot read properties of undefined (reading 'userValidation')
TypeError: Cannot read properties of undefined (reading 'userValidation')
    at C:\Users\DELL\Documents\Projects\txn-api\src\controllers\userController.ts:17:43
    at step (C:\Users\DELL\Documents\Projects\txn-api\src\controllers\userController.ts:44:23)
    at Object.next (C:\Users\DELL\Documents\Projects\txn-api\src\controllers\userController.ts:25:53)
    at C:\Users\DELL\Documents\Projects\txn-api\src\controllers\userController.ts:19:71
    at new Promise (<anonymous>)
    at __awaiter (C:\Users\DELL\Documents\Projects\txn-api\src\controllers\userController.ts:15:12)
    at UserController.createUser (C:\Users\DELL\Documents\Projects\txn-api\src\controllers\userController.ts:64:16)
    at Layer.handle [as handle_request] (C:\Users\DELL\Documents\Projects\txn-api\node_modules\express\lib\router\layer.js:95:5)
    at next (C:\Users\DELL\Documents\Projects\txn-api\node_modules\express\lib\router\route.js:149:13)
    at Route.dispatch (C:\Users\DELL\Documents\Projects\txn-api\node_modules\express\lib\router\route.js:119:3)
2024-07-16 13:50:35 error: uncaughtException: Cannot read properties of undefined (reading 'userValidation')
TypeError: Cannot read properties of undefined (reading 'userValidation')
    at C:\Users\DELL\Documents\Projects\txn-api\src\controllers\userController.ts:17:43
    at step (C:\Users\DELL\Documents\Projects\txn-api\src\controllers\userController.ts:44:23)
    at Object.next (C:\Users\DELL\Documents\Projects\txn-api\src\controllers\userController.ts:25:53)
    at C:\Users\DELL\Documents\Projects\txn-api\src\controllers\userController.ts:19:71
    at new Promise (<anonymous>)
    at __awaiter (C:\Users\DELL\Documents\Projects\txn-api\src\controllers\userController.ts:15:12)
    at UserController.createUser (C:\Users\DELL\Documents\Projects\txn-api\src\controllers\userController.ts:64:16)
    at Layer.handle [as handle_request] (C:\Users\DELL\Documents\Projects\txn-api\node_modules\express\lib\router\layer.js:95:5)
    at next (C:\Users\DELL\Documents\Projects\txn-api\node_modules\express\lib\router\route.js:149:13)
    at Route.dispatch (C:\Users\DELL\Documents\Projects\txn-api\node_modules\express\lib\router\route.js:119:3)
2024-07-16 13:51:05 error: uncaughtException: Cannot read properties of undefined (reading 'userValidation')
TypeError: Cannot read properties of undefined (reading 'userValidation')
    at C:\Users\DELL\Documents\Projects\txn-api\src\controllers\userController.ts:17:43
    at step (C:\Users\DELL\Documents\Projects\txn-api\src\controllers\userController.ts:44:23)
    at Object.next (C:\Users\DELL\Documents\Projects\txn-api\src\controllers\userController.ts:25:53)
    at C:\Users\DELL\Documents\Projects\txn-api\src\controllers\userController.ts:19:71
    at new Promise (<anonymous>)
    at __awaiter (C:\Users\DELL\Documents\Projects\txn-api\src\controllers\userController.ts:15:12)
    at UserController.createUser (C:\Users\DELL\Documents\Projects\txn-api\src\controllers\userController.ts:64:16)
    at Layer.handle [as handle_request] (C:\Users\DELL\Documents\Projects\txn-api\node_modules\express\lib\router\layer.js:95:5)
    at next (C:\Users\DELL\Documents\Projects\txn-api\node_modules\express\lib\router\route.js:149:13)
    at Route.dispatch (C:\Users\DELL\Documents\Projects\txn-api\node_modules\express\lib\router\route.js:119:3)
2024-07-16 14:21:35 error: [POST] /api/auth/signup >> StatusCode:: 400, Message:: Expected double-quoted property name in JSON at position 96 (line 6 column 1)
2024-07-16 14:39:43 error: uncaughtException: тип Unable to compile TypeScript:
[96msrc/controllers/userController.ts[0m:[93m48[0m:[93m58[0m - [91merror[0m[90m TS2304: [0mCannot find name 'errorMessage'.

[7m48[0m       if (error) return this.appResponse.badRequest(res, errorMessage);
[7m  [0m [91m                                                         ~~~~~~~~~~~~[0m

TSError: тип Unable to compile TypeScript:
[96msrc/controllers/userController.ts[0m:[93m48[0m:[93m58[0m - [91merror[0m[90m TS2304: [0mCannot find name 'errorMessage'.

[7m48[0m       if (error) return this.appResponse.badRequest(res, errorMessage);
[7m  [0m [91m                                                         ~~~~~~~~~~~~[0m

    at createTSError (C:\Users\DELL\Documents\Projects\txn-api\node_modules\ts-node\src\index.ts:859:12)
    at reportTSError (C:\Users\DELL\Documents\Projects\txn-api\node_modules\ts-node\src\index.ts:863:19)
    at getOutput (C:\Users\DELL\Documents\Projects\txn-api\node_modules\ts-node\src\index.ts:1077:36)
    at Object.compile (C:\Users\DELL\Documents\Projects\txn-api\node_modules\ts-node\src\index.ts:1433:41)
    at Module.m._compile (C:\Users\DELL\Documents\Projects\txn-api\node_modules\ts-node\src\index.ts:1617:30)
    at Module._extensions..js (node:internal/modules/cjs/loader:1426:10)
    at Object.require.extensions.<computed> [as .ts] (C:\Users\DELL\Documents\Projects\txn-api\node_modules\ts-node\src\index.ts:1621:12)
    at Module.load (node:internal/modules/cjs/loader:1205:32)
    at Function.Module._load (node:internal/modules/cjs/loader:1021:12)
    at Module.require (node:internal/modules/cjs/loader:1230:19)
2024-07-16 14:39:53 error: uncaughtException: тип Unable to compile TypeScript:
[96msrc/controllers/userController.ts[0m:[93m48[0m:[93m58[0m - [91merror[0m[90m TS2304: [0mCannot find name 'errorMessage'.

[7m48[0m       if (error) return this.appResponse.badRequest(res, errorMessage);
[7m  [0m [91m                                                         ~~~~~~~~~~~~[0m

TSError: тип Unable to compile TypeScript:
[96msrc/controllers/userController.ts[0m:[93m48[0m:[93m58[0m - [91merror[0m[90m TS2304: [0mCannot find name 'errorMessage'.

[7m48[0m       if (error) return this.appResponse.badRequest(res, errorMessage);
[7m  [0m [91m                                                         ~~~~~~~~~~~~[0m

    at createTSError (C:\Users\DELL\Documents\Projects\txn-api\node_modules\ts-node\src\index.ts:859:12)
    at reportTSError (C:\Users\DELL\Documents\Projects\txn-api\node_modules\ts-node\src\index.ts:863:19)
    at getOutput (C:\Users\DELL\Documents\Projects\txn-api\node_modules\ts-node\src\index.ts:1077:36)
    at Object.compile (C:\Users\DELL\Documents\Projects\txn-api\node_modules\ts-node\src\index.ts:1433:41)
    at Module.m._compile (C:\Users\DELL\Documents\Projects\txn-api\node_modules\ts-node\src\index.ts:1617:30)
    at Module._extensions..js (node:internal/modules/cjs/loader:1426:10)
    at Object.require.extensions.<computed> [as .ts] (C:\Users\DELL\Documents\Projects\txn-api\node_modules\ts-node\src\index.ts:1621:12)
    at Module.load (node:internal/modules/cjs/loader:1205:32)
    at Function.Module._load (node:internal/modules/cjs/loader:1021:12)
    at Module.require (node:internal/modules/cjs/loader:1230:19)
2024-07-16 14:48:59 error: ======================
2024-07-16 14:48:59 error: Mongo Err:  querySrv ETIMEOUT _mongodb._tcp.cluster0.0xdzh4f.mongodb.net
2024-07-16 14:48:59 error: ======================
2024-07-16 14:50:37 error: ======================
2024-07-16 14:50:37 error: Mongo Err:  querySrv ETIMEOUT _mongodb._tcp.cluster0.0xdzh4f.mongodb.net
2024-07-16 14:50:37 error: ======================
2024-07-16 14:52:58 error: ======================
2024-07-16 14:52:58 error: Mongo Err:  querySrv ETIMEOUT _mongodb._tcp.cluster0.0xdzh4f.mongodb.net
2024-07-16 14:52:58 error: ======================
2024-07-16 14:53:09 error: ======================
2024-07-16 14:53:09 error: Mongo Err:  querySrv ETIMEOUT _mongodb._tcp.cluster0.0xdzh4f.mongodb.net
2024-07-16 14:53:09 error: ======================
2024-07-16 14:56:21 error: ======================
2024-07-16 14:56:21 error: Mongo Err:  querySrv ETIMEOUT _mongodb._tcp.cluster0.0xdzh4f.mongodb.net
2024-07-16 14:56:21 error: ======================
2024-07-16 14:56:59 error: ======================
2024-07-16 14:56:59 error: Mongo Err:  querySrv ETIMEOUT _mongodb._tcp.cluster0.0xdzh4f.mongodb.net
2024-07-16 14:56:59 error: ======================
2024-07-16 14:58:12 error: ======================
2024-07-16 14:58:12 error: Mongo Err:  querySrv ETIMEOUT _mongodb._tcp.cluster0.0xdzh4f.mongodb.net
2024-07-16 14:58:12 error: ======================
2024-07-16 16:58:05 error: uncaughtException: тип Unable to compile TypeScript:
[96msrc/controllers/transactionController.ts[0m:[93m30[0m:[93m62[0m - [91merror[0m[90m TS2554: [0mExpected 3 arguments, but got 2.

[7m30[0m       const transactionsData = await this.transactionService.getTransactions(page, limit);
[7m  [0m [91m                                                             ~~~~~~~~~~~~~~~[0m

  [96msrc/services/transactionService.ts[0m:[93m10[0m:[93m65[0m
    [7m10[0m   public getTransactions = async (userId: string, page: number, limit: number) => {
    [7m  [0m [96m                                                                ~~~~~~~~~~~~~[0m
    An argument for 'limit' was not provided.

TSError: тип Unable to compile TypeScript:
[96msrc/controllers/transactionController.ts[0m:[93m30[0m:[93m62[0m - [91merror[0m[90m TS2554: [0mExpected 3 arguments, but got 2.

[7m30[0m       const transactionsData = await this.transactionService.getTransactions(page, limit);
[7m  [0m [91m                                                             ~~~~~~~~~~~~~~~[0m

  [96msrc/services/transactionService.ts[0m:[93m10[0m:[93m65[0m
    [7m10[0m   public getTransactions = async (userId: string, page: number, limit: number) => {
    [7m  [0m [96m                                                                ~~~~~~~~~~~~~[0m
    An argument for 'limit' was not provided.

    at createTSError (C:\Users\DELL\Documents\Projects\txn-api\node_modules\ts-node\src\index.ts:859:12)
    at reportTSError (C:\Users\DELL\Documents\Projects\txn-api\node_modules\ts-node\src\index.ts:863:19)
    at getOutput (C:\Users\DELL\Documents\Projects\txn-api\node_modules\ts-node\src\index.ts:1077:36)
    at Object.compile (C:\Users\DELL\Documents\Projects\txn-api\node_modules\ts-node\src\index.ts:1433:41)
    at Module.m._compile (C:\Users\DELL\Documents\Projects\txn-api\node_modules\ts-node\src\index.ts:1617:30)
    at Module._extensions..js (node:internal/modules/cjs/loader:1426:10)
    at Object.require.extensions.<computed> [as .ts] (C:\Users\DELL\Documents\Projects\txn-api\node_modules\ts-node\src\index.ts:1621:12)
    at Module.load (node:internal/modules/cjs/loader:1205:32)
    at Function.Module._load (node:internal/modules/cjs/loader:1021:12)
    at Module.require (node:internal/modules/cjs/loader:1230:19)
2024-07-16 17:02:16 error: uncaughtException: тип Unable to compile TypeScript:
[96msrc/controllers/transactionController.ts[0m:[93m45[0m:[93m85[0m - [91merror[0m[90m TS2554: [0mExpected 1 arguments, but got 2.

[7m45[0m       const transaction = await this.transactionService.getTransactionById(user.id, params.id);
[7m  [0m [91m                                                                                    ~~~~~~~~~[0m
[96msrc/controllers/transactionController.ts[0m:[93m60[0m:[93m95[0m - [91merror[0m[90m TS2554: [0mExpected 2 arguments, but got 3.

[7m60[0m       const transaction = await this.transactionService.updateTransaction(user.id, params.id, body);
[7m  [0m [91m                                                                                              ~~~~[0m
[96msrc/controllers/transactionController.ts[0m:[93m74[0m:[93m84[0m - [91merror[0m[90m TS2554: [0mExpected 1 arguments, but got 2.

[7m74[0m       const transaction = await this.transactionService.deleteTransaction(user.id, params.id);
[7m  [0m [91m                                                                                   ~~~~~~~~~[0m

TSError: тип Unable to compile TypeScript:
[96msrc/controllers/transactionController.ts[0m:[93m45[0m:[93m85[0m - [91merror[0m[90m TS2554: [0mExpected 1 arguments, but got 2.

[7m45[0m       const transaction = await this.transactionService.getTransactionById(user.id, params.id);
[7m  [0m [91m                                                                                    ~~~~~~~~~[0m
[96msrc/controllers/transactionController.ts[0m:[93m60[0m:[93m95[0m - [91merror[0m[90m TS2554: [0mExpected 2 arguments, but got 3.

[7m60[0m       const transaction = await this.transactionService.updateTransaction(user.id, params.id, body);
[7m  [0m [91m                                                                                              ~~~~[0m
[96msrc/controllers/transactionController.ts[0m:[93m74[0m:[93m84[0m - [91merror[0m[90m TS2554: [0mExpected 1 arguments, but got 2.

[7m74[0m       const transaction = await this.transactionService.deleteTransaction(user.id, params.id);
[7m  [0m [91m                                                                                   ~~~~~~~~~[0m

    at createTSError (C:\Users\DELL\Documents\Projects\txn-api\node_modules\ts-node\src\index.ts:859:12)
    at reportTSError (C:\Users\DELL\Documents\Projects\txn-api\node_modules\ts-node\src\index.ts:863:19)
    at getOutput (C:\Users\DELL\Documents\Projects\txn-api\node_modules\ts-node\src\index.ts:1077:36)
    at Object.compile (C:\Users\DELL\Documents\Projects\txn-api\node_modules\ts-node\src\index.ts:1433:41)
    at Module.m._compile (C:\Users\DELL\Documents\Projects\txn-api\node_modules\ts-node\src\index.ts:1617:30)
    at Module._extensions..js (node:internal/modules/cjs/loader:1426:10)
    at Object.require.extensions.<computed> [as .ts] (C:\Users\DELL\Documents\Projects\txn-api\node_modules\ts-node\src\index.ts:1621:12)
    at Module.load (node:internal/modules/cjs/loader:1205:32)
    at Function.Module._load (node:internal/modules/cjs/loader:1021:12)
    at Module.require (node:internal/modules/cjs/loader:1230:19)
2024-07-16 22:51:36 error: uncaughtException: тип Unable to compile TypeScript:
[96msrc/controllers/transactionController.ts[0m:[93m62[0m:[93m11[0m - [91merror[0m[90m TS1345: [0mAn expression of type 'void' cannot be tested for truthiness.

[7m62[0m       if (transaction) {
[7m  [0m [91m          ~~~~~~~~~~~[0m

TSError: тип Unable to compile TypeScript:
[96msrc/controllers/transactionController.ts[0m:[93m62[0m:[93m11[0m - [91merror[0m[90m TS1345: [0mAn expression of type 'void' cannot be tested for truthiness.

[7m62[0m       if (transaction) {
[7m  [0m [91m          ~~~~~~~~~~~[0m

    at createTSError (C:\Users\DELL\Documents\Projects\txn-api\node_modules\ts-node\src\index.ts:859:12)
    at reportTSError (C:\Users\DELL\Documents\Projects\txn-api\node_modules\ts-node\src\index.ts:863:19)
    at getOutput (C:\Users\DELL\Documents\Projects\txn-api\node_modules\ts-node\src\index.ts:1077:36)
    at Object.compile (C:\Users\DELL\Documents\Projects\txn-api\node_modules\ts-node\src\index.ts:1433:41)
    at Module.m._compile (C:\Users\DELL\Documents\Projects\txn-api\node_modules\ts-node\src\index.ts:1617:30)
    at Module._extensions..js (node:internal/modules/cjs/loader:1426:10)
    at Object.require.extensions.<computed> [as .ts] (C:\Users\DELL\Documents\Projects\txn-api\node_modules\ts-node\src\index.ts:1621:12)
    at Module.load (node:internal/modules/cjs/loader:1205:32)
    at Function.Module._load (node:internal/modules/cjs/loader:1021:12)
    at Module.require (node:internal/modules/cjs/loader:1230:19)
2024-07-16 23:29:23 error: ======================
2024-07-16 23:29:23 error: Mongo Err:  querySrv ETIMEOUT _mongodb._tcp.cluster0.0xdzh4f.mongodb.net
2024-07-16 23:29:23 error: ======================
2024-07-16 23:48:01 error: uncaughtException: тип Unable to compile TypeScript:
[96msrc/services/transactionService.ts[0m:[93m30[0m:[93m13[0m - [91merror[0m[90m TS2339: [0mProperty 'channel' does not exist on type 'void'.

[7m30[0m     const { channel } = await connect().then(result => console.log('connectedd'));
[7m  [0m [91m            ~~~~~~~[0m

TSError: тип Unable to compile TypeScript:
[96msrc/services/transactionService.ts[0m:[93m30[0m:[93m13[0m - [91merror[0m[90m TS2339: [0mProperty 'channel' does not exist on type 'void'.

[7m30[0m     const { channel } = await connect().then(result => console.log('connectedd'));
[7m  [0m [91m            ~~~~~~~[0m

    at createTSError (C:\Users\DELL\Documents\Projects\txn-api\node_modules\ts-node\src\index.ts:859:12)
    at reportTSError (C:\Users\DELL\Documents\Projects\txn-api\node_modules\ts-node\src\index.ts:863:19)
    at getOutput (C:\Users\DELL\Documents\Projects\txn-api\node_modules\ts-node\src\index.ts:1077:36)
    at Object.compile (C:\Users\DELL\Documents\Projects\txn-api\node_modules\ts-node\src\index.ts:1433:41)
    at Module.m._compile (C:\Users\DELL\Documents\Projects\txn-api\node_modules\ts-node\src\index.ts:1617:30)
    at Module._extensions..js (node:internal/modules/cjs/loader:1426:10)
    at Object.require.extensions.<computed> [as .ts] (C:\Users\DELL\Documents\Projects\txn-api\node_modules\ts-node\src\index.ts:1621:12)
    at Module.load (node:internal/modules/cjs/loader:1205:32)
    at Function.Module._load (node:internal/modules/cjs/loader:1021:12)
    at Module.require (node:internal/modules/cjs/loader:1230:19)
2024-07-16 23:58:58 error: uncaughtException: тип Unable to compile TypeScript:
[96msrc/services/transactionService.ts[0m:[93m2[0m:[93m10[0m - [91merror[0m[90m TS2305: [0mModule '"./rmq/rabbit"' has no exported member 'connect'.

[7m2[0m import { connect, queue } from "./rmq/rabbit";
[7m [0m [91m         ~~~~~~~[0m

TSError: тип Unable to compile TypeScript:
[96msrc/services/transactionService.ts[0m:[93m2[0m:[93m10[0m - [91merror[0m[90m TS2305: [0mModule '"./rmq/rabbit"' has no exported member 'connect'.

[7m2[0m import { connect, queue } from "./rmq/rabbit";
[7m [0m [91m         ~~~~~~~[0m

    at createTSError (C:\Users\DELL\Documents\Projects\txn-api\node_modules\ts-node\src\index.ts:859:12)
    at reportTSError (C:\Users\DELL\Documents\Projects\txn-api\node_modules\ts-node\src\index.ts:863:19)
    at getOutput (C:\Users\DELL\Documents\Projects\txn-api\node_modules\ts-node\src\index.ts:1077:36)
    at Object.compile (C:\Users\DELL\Documents\Projects\txn-api\node_modules\ts-node\src\index.ts:1433:41)
    at Module.m._compile (C:\Users\DELL\Documents\Projects\txn-api\node_modules\ts-node\src\index.ts:1617:30)
    at Module._extensions..js (node:internal/modules/cjs/loader:1426:10)
    at Object.require.extensions.<computed> [as .ts] (C:\Users\DELL\Documents\Projects\txn-api\node_modules\ts-node\src\index.ts:1621:12)
    at Module.load (node:internal/modules/cjs/loader:1205:32)
    at Function.Module._load (node:internal/modules/cjs/loader:1021:12)
    at Module.require (node:internal/modules/cjs/loader:1230:19)
