2024-07-17 00:03:04 error: uncaughtException: тип Unable to compile TypeScript:
[96msrc/services/transactionService.ts[0m:[93m2[0m:[93m10[0m - [91merror[0m[90m TS2305: [0mModule '"./rmq/rabbit"' has no exported member 'connect'.

[7m2[0m import { connect, queue } from "./rmq/rabbit";
[7m [0m [91m         ~~~~~~~[0m

TSError: тип Unable to compile TypeScript:
[96msrc/services/transactionService.ts[0m:[93m2[0m:[93m10[0m - [91merror[0m[90m TS2305: [0mModule '"./rmq/rabbit"' has no exported member 'connect'.

[7m2[0m import { connect, queue } from "./rmq/rabbit";
[7m [0m [91m         ~~~~~~~[0m

    at createTSError (C:\Users\DELL\Documents\Projects\txn-api\node_modules\ts-node\src\index.ts:859:12)
    at reportTSError (C:\Users\DELL\Documents\Projects\txn-api\node_modules\ts-node\src\index.ts:863:19)
    at getOutput (C:\Users\DELL\Documents\Projects\txn-api\node_modules\ts-node\src\index.ts:1077:36)
    at Object.compile (C:\Users\DELL\Documents\Projects\txn-api\node_modules\ts-node\src\index.ts:1433:41)
    at Module.m._compile (C:\Users\DELL\Documents\Projects\txn-api\node_modules\ts-node\src\index.ts:1617:30)
    at Module._extensions..js (node:internal/modules/cjs/loader:1426:10)
    at Object.require.extensions.<computed> [as .ts] (C:\Users\DELL\Documents\Projects\txn-api\node_modules\ts-node\src\index.ts:1621:12)
    at Module.load (node:internal/modules/cjs/loader:1205:32)
    at Function.Module._load (node:internal/modules/cjs/loader:1021:12)
    at Module.require (node:internal/modules/cjs/loader:1230:19)
2024-07-17 00:05:37 error: uncaughtException: тип Unable to compile TypeScript:
[96msrc/services/transactionService.ts[0m:[93m2[0m:[93m10[0m - [91merror[0m[90m TS2305: [0mModule '"./rmq/rabbit"' has no exported member 'connect'.

[7m2[0m import { connect, queue } from "./rmq/rabbit";
[7m [0m [91m         ~~~~~~~[0m

TSError: тип Unable to compile TypeScript:
[96msrc/services/transactionService.ts[0m:[93m2[0m:[93m10[0m - [91merror[0m[90m TS2305: [0mModule '"./rmq/rabbit"' has no exported member 'connect'.

[7m2[0m import { connect, queue } from "./rmq/rabbit";
[7m [0m [91m         ~~~~~~~[0m

    at createTSError (C:\Users\DELL\Documents\Projects\txn-api\node_modules\ts-node\src\index.ts:859:12)
    at reportTSError (C:\Users\DELL\Documents\Projects\txn-api\node_modules\ts-node\src\index.ts:863:19)
    at getOutput (C:\Users\DELL\Documents\Projects\txn-api\node_modules\ts-node\src\index.ts:1077:36)
    at Object.compile (C:\Users\DELL\Documents\Projects\txn-api\node_modules\ts-node\src\index.ts:1433:41)
    at Module.m._compile (C:\Users\DELL\Documents\Projects\txn-api\node_modules\ts-node\src\index.ts:1617:30)
    at Module._extensions..js (node:internal/modules/cjs/loader:1426:10)
    at Object.require.extensions.<computed> [as .ts] (C:\Users\DELL\Documents\Projects\txn-api\node_modules\ts-node\src\index.ts:1621:12)
    at Module.load (node:internal/modules/cjs/loader:1205:32)
    at Function.Module._load (node:internal/modules/cjs/loader:1021:12)
    at Module.require (node:internal/modules/cjs/loader:1230:19)
2024-07-17 00:07:35 error: uncaughtException: тип Unable to compile TypeScript:
[96msrc/services/transactionService.ts[0m:[93m2[0m:[93m10[0m - [91merror[0m[90m TS2305: [0mModule '"./rmq/rabbit"' has no exported member 'connect'.

[7m2[0m import { connect, queue } from "./rmq/rabbit";
[7m [0m [91m         ~~~~~~~[0m

TSError: тип Unable to compile TypeScript:
[96msrc/services/transactionService.ts[0m:[93m2[0m:[93m10[0m - [91merror[0m[90m TS2305: [0mModule '"./rmq/rabbit"' has no exported member 'connect'.

[7m2[0m import { connect, queue } from "./rmq/rabbit";
[7m [0m [91m         ~~~~~~~[0m

    at createTSError (C:\Users\DELL\Documents\Projects\txn-api\node_modules\ts-node\src\index.ts:859:12)
    at reportTSError (C:\Users\DELL\Documents\Projects\txn-api\node_modules\ts-node\src\index.ts:863:19)
    at getOutput (C:\Users\DELL\Documents\Projects\txn-api\node_modules\ts-node\src\index.ts:1077:36)
    at Object.compile (C:\Users\DELL\Documents\Projects\txn-api\node_modules\ts-node\src\index.ts:1433:41)
    at Module.m._compile (C:\Users\DELL\Documents\Projects\txn-api\node_modules\ts-node\src\index.ts:1617:30)
    at Module._extensions..js (node:internal/modules/cjs/loader:1426:10)
    at Object.require.extensions.<computed> [as .ts] (C:\Users\DELL\Documents\Projects\txn-api\node_modules\ts-node\src\index.ts:1621:12)
    at Module.load (node:internal/modules/cjs/loader:1205:32)
    at Function.Module._load (node:internal/modules/cjs/loader:1021:12)
    at Module.require (node:internal/modules/cjs/loader:1230:19)
2024-07-17 01:34:05 error: uncaughtException: тип Unable to compile TypeScript:
[96msrc/services/transactionService.ts[0m:[93m2[0m:[93m10[0m - [91merror[0m[90m TS2614: [0mModule '"./rmq/rabbit"' has no exported member 'connectRabbitMQ'. Did you mean to use 'import connectRabbitMQ from "./rmq/rabbit"' instead?

[7m2[0m import { connectRabbitMQ, publishToQueue, queue } from "./rmq/rabbit";
[7m [0m [91m         ~~~~~~~~~~~~~~~[0m
[96msrc/services/transactionService.ts[0m:[93m2[0m:[93m27[0m - [91merror[0m[90m TS2614: [0mModule '"./rmq/rabbit"' has no exported member 'publishToQueue'. Did you mean to use 'import publishToQueue from "./rmq/rabbit"' instead?

[7m2[0m import { connectRabbitMQ, publishToQueue, queue } from "./rmq/rabbit";
[7m [0m [91m                          ~~~~~~~~~~~~~~[0m

TSError: тип Unable to compile TypeScript:
[96msrc/services/transactionService.ts[0m:[93m2[0m:[93m10[0m - [91merror[0m[90m TS2614: [0mModule '"./rmq/rabbit"' has no exported member 'connectRabbitMQ'. Did you mean to use 'import connectRabbitMQ from "./rmq/rabbit"' instead?

[7m2[0m import { connectRabbitMQ, publishToQueue, queue } from "./rmq/rabbit";
[7m [0m [91m         ~~~~~~~~~~~~~~~[0m
[96msrc/services/transactionService.ts[0m:[93m2[0m:[93m27[0m - [91merror[0m[90m TS2614: [0mModule '"./rmq/rabbit"' has no exported member 'publishToQueue'. Did you mean to use 'import publishToQueue from "./rmq/rabbit"' instead?

[7m2[0m import { connectRabbitMQ, publishToQueue, queue } from "./rmq/rabbit";
[7m [0m [91m                          ~~~~~~~~~~~~~~[0m

    at createTSError (C:\Users\DELL\Documents\Projects\txn-api\node_modules\ts-node\src\index.ts:859:12)
    at reportTSError (C:\Users\DELL\Documents\Projects\txn-api\node_modules\ts-node\src\index.ts:863:19)
    at getOutput (C:\Users\DELL\Documents\Projects\txn-api\node_modules\ts-node\src\index.ts:1077:36)
    at Object.compile (C:\Users\DELL\Documents\Projects\txn-api\node_modules\ts-node\src\index.ts:1433:41)
    at Module.m._compile (C:\Users\DELL\Documents\Projects\txn-api\node_modules\ts-node\src\index.ts:1617:30)
    at Module._extensions..js (node:internal/modules/cjs/loader:1426:10)
    at Object.require.extensions.<computed> [as .ts] (C:\Users\DELL\Documents\Projects\txn-api\node_modules\ts-node\src\index.ts:1621:12)
    at Module.load (node:internal/modules/cjs/loader:1205:32)
    at Function.Module._load (node:internal/modules/cjs/loader:1021:12)
    at Module.require (node:internal/modules/cjs/loader:1230:19)
2024-07-17 01:37:37 error: ======================
2024-07-17 01:37:37 error: Failed to connect to RabbitMQ: 
2024-07-17 01:37:37 error: ======================
2024-07-17 01:37:49 error: ======================
2024-07-17 01:37:49 error: Failed to connect to RabbitMQ: 
2024-07-17 01:37:49 error: ======================
2024-07-17 01:38:39 error: ======================
2024-07-17 01:38:39 error: Failed to connect to RabbitMQ: 
2024-07-17 01:38:39 error: ======================
2024-07-17 01:39:25 error: ======================
2024-07-17 01:39:25 error: Failed to connect to RabbitMQ: 
2024-07-17 01:39:25 error: ======================
2024-07-17 01:41:21 error: ======================
2024-07-17 01:41:21 error: Failed to connect to RabbitMQ: 
2024-07-17 01:41:21 error: ======================
2024-07-17 02:07:49 error: uncaughtException: тип Unable to compile TypeScript:
[96msrc/services/transactionService.ts[0m:[93m2[0m:[93m8[0m - [91merror[0m[90m TS1192: [0mModule '"C:/Users/DELL/Documents/Projects/txn-api/src/services/rmq/rabbit"' has no default export.

[7m2[0m import mqConnection, { queue } from "./rmq/rabbit";
[7m [0m [91m       ~~~~~~~~~~~~[0m

TSError: тип Unable to compile TypeScript:
[96msrc/services/transactionService.ts[0m:[93m2[0m:[93m8[0m - [91merror[0m[90m TS1192: [0mModule '"C:/Users/DELL/Documents/Projects/txn-api/src/services/rmq/rabbit"' has no default export.

[7m2[0m import mqConnection, { queue } from "./rmq/rabbit";
[7m [0m [91m       ~~~~~~~~~~~~[0m

    at createTSError (C:\Users\DELL\Documents\Projects\txn-api\node_modules\ts-node\src\index.ts:859:12)
    at reportTSError (C:\Users\DELL\Documents\Projects\txn-api\node_modules\ts-node\src\index.ts:863:19)
    at getOutput (C:\Users\DELL\Documents\Projects\txn-api\node_modules\ts-node\src\index.ts:1077:36)
    at Object.compile (C:\Users\DELL\Documents\Projects\txn-api\node_modules\ts-node\src\index.ts:1433:41)
    at Module.m._compile (C:\Users\DELL\Documents\Projects\txn-api\node_modules\ts-node\src\index.ts:1617:30)
    at Module._extensions..js (node:internal/modules/cjs/loader:1426:10)
    at Object.require.extensions.<computed> [as .ts] (C:\Users\DELL\Documents\Projects\txn-api\node_modules\ts-node\src\index.ts:1621:12)
    at Module.load (node:internal/modules/cjs/loader:1205:32)
    at Function.Module._load (node:internal/modules/cjs/loader:1021:12)
    at Module.require (node:internal/modules/cjs/loader:1230:19)
2024-07-17 02:10:22 error: uncaughtException: тип Unable to compile TypeScript:
[96msrc/services/transactionService.ts[0m:[93m2[0m:[93m8[0m - [91merror[0m[90m TS1192: [0mModule '"C:/Users/DELL/Documents/Projects/txn-api/src/services/rmq/rabbit"' has no default export.

[7m2[0m import mqConnection, { queue } from "./rmq/rabbit";
[7m [0m [91m       ~~~~~~~~~~~~[0m

TSError: тип Unable to compile TypeScript:
[96msrc/services/transactionService.ts[0m:[93m2[0m:[93m8[0m - [91merror[0m[90m TS1192: [0mModule '"C:/Users/DELL/Documents/Projects/txn-api/src/services/rmq/rabbit"' has no default export.

[7m2[0m import mqConnection, { queue } from "./rmq/rabbit";
[7m [0m [91m       ~~~~~~~~~~~~[0m

    at createTSError (C:\Users\DELL\Documents\Projects\txn-api\node_modules\ts-node\src\index.ts:859:12)
    at reportTSError (C:\Users\DELL\Documents\Projects\txn-api\node_modules\ts-node\src\index.ts:863:19)
    at getOutput (C:\Users\DELL\Documents\Projects\txn-api\node_modules\ts-node\src\index.ts:1077:36)
    at Object.compile (C:\Users\DELL\Documents\Projects\txn-api\node_modules\ts-node\src\index.ts:1433:41)
    at Module.m._compile (C:\Users\DELL\Documents\Projects\txn-api\node_modules\ts-node\src\index.ts:1617:30)
    at Module._extensions..js (node:internal/modules/cjs/loader:1426:10)
    at Object.require.extensions.<computed> [as .ts] (C:\Users\DELL\Documents\Projects\txn-api\node_modules\ts-node\src\index.ts:1621:12)
    at Module.load (node:internal/modules/cjs/loader:1205:32)
    at Function.Module._load (node:internal/modules/cjs/loader:1021:12)
    at Module.require (node:internal/modules/cjs/loader:1230:19)
2024-07-17 02:12:35 error: uncaughtException: тип Unable to compile TypeScript:
[96msrc/services/transactionService.ts[0m:[93m33[0m:[93m11[0m - [91merror[0m[90m TS2304: [0mCannot find name 'mqConnection'.

[7m33[0m     await mqConnection.publishToQueue(queue, Buffer.from(JSON.stringify(job)));
[7m  [0m [91m          ~~~~~~~~~~~~[0m

TSError: тип Unable to compile TypeScript:
[96msrc/services/transactionService.ts[0m:[93m33[0m:[93m11[0m - [91merror[0m[90m TS2304: [0mCannot find name 'mqConnection'.

[7m33[0m     await mqConnection.publishToQueue(queue, Buffer.from(JSON.stringify(job)));
[7m  [0m [91m          ~~~~~~~~~~~~[0m

    at createTSError (C:\Users\DELL\Documents\Projects\txn-api\node_modules\ts-node\src\index.ts:859:12)
    at reportTSError (C:\Users\DELL\Documents\Projects\txn-api\node_modules\ts-node\src\index.ts:863:19)
    at getOutput (C:\Users\DELL\Documents\Projects\txn-api\node_modules\ts-node\src\index.ts:1077:36)
    at Object.compile (C:\Users\DELL\Documents\Projects\txn-api\node_modules\ts-node\src\index.ts:1433:41)
    at Module.m._compile (C:\Users\DELL\Documents\Projects\txn-api\node_modules\ts-node\src\index.ts:1617:30)
    at Module._extensions..js (node:internal/modules/cjs/loader:1426:10)
    at Object.require.extensions.<computed> [as .ts] (C:\Users\DELL\Documents\Projects\txn-api\node_modules\ts-node\src\index.ts:1621:12)
    at Module.load (node:internal/modules/cjs/loader:1205:32)
    at Function.Module._load (node:internal/modules/cjs/loader:1021:12)
    at Module.require (node:internal/modules/cjs/loader:1230:19)
2024-07-17 02:29:34 error: uncaughtException: Channel closed by server: 406 (PRECONDITION-FAILED) with message "PRECONDITION_FAILED - inequivalent arg 'durable' for queue 'transactionUpdate' in vhost 'vevmxmai': received 'false' but current is 'true'"
Error: Channel closed by server: 406 (PRECONDITION-FAILED) with message "PRECONDITION_FAILED - inequivalent arg 'durable' for queue 'transactionUpdate' in vhost 'vevmxmai': received 'false' but current is 'true'"
    at Channel.accept (C:\Users\DELL\Documents\Projects\txn-api\node_modules\amqplib\lib\channel.js:320:19)
    at Connection.mainAccept [as accept] (C:\Users\DELL\Documents\Projects\txn-api\node_modules\amqplib\lib\connection.js:582:33)
    at TLSSocket.go (C:\Users\DELL\Documents\Projects\txn-api\node_modules\amqplib\lib\connection.js:434:16)
    at TLSSocket.emit (node:events:519:28)
    at TLSSocket.emit (node:domain:488:12)
    at emitReadable_ (node:internal/streams/readable:832:12)
    at processTicksAndRejections (node:internal/process/task_queues:81:21)
2024-07-17 04:34:43 error: uncaughtException: тип Unable to compile TypeScript:
[96msrc/services/transactionService.ts[0m:[93m2[0m:[93m32[0m - [91merror[0m[90m TS2307: [0mCannot find module './rmq/rabbit' or its corresponding type declarations.

[7m2[0m import { connect, queue } from "./rmq/rabbit";
[7m [0m [91m                               ~~~~~~~~~~~~~~[0m

TSError: тип Unable to compile TypeScript:
[96msrc/services/transactionService.ts[0m:[93m2[0m:[93m32[0m - [91merror[0m[90m TS2307: [0mCannot find module './rmq/rabbit' or its corresponding type declarations.

[7m2[0m import { connect, queue } from "./rmq/rabbit";
[7m [0m [91m                               ~~~~~~~~~~~~~~[0m

    at createTSError (C:\Users\DELL\Documents\Projects\txn-api\node_modules\ts-node\src\index.ts:859:12)
    at reportTSError (C:\Users\DELL\Documents\Projects\txn-api\node_modules\ts-node\src\index.ts:863:19)
    at getOutput (C:\Users\DELL\Documents\Projects\txn-api\node_modules\ts-node\src\index.ts:1077:36)
    at Object.compile (C:\Users\DELL\Documents\Projects\txn-api\node_modules\ts-node\src\index.ts:1433:41)
    at Module.m._compile (C:\Users\DELL\Documents\Projects\txn-api\node_modules\ts-node\src\index.ts:1617:30)
    at Module._extensions..js (node:internal/modules/cjs/loader:1426:10)
    at Object.require.extensions.<computed> [as .ts] (C:\Users\DELL\Documents\Projects\txn-api\node_modules\ts-node\src\index.ts:1621:12)
    at Module.load (node:internal/modules/cjs/loader:1205:32)
    at Function.Module._load (node:internal/modules/cjs/loader:1021:12)
    at Module.require (node:internal/modules/cjs/loader:1230:19)
2024-07-17 04:35:00 error: uncaughtException: тип Unable to compile TypeScript:
[96msrc/services/transactionService.ts[0m:[93m2[0m:[93m32[0m - [91merror[0m[90m TS2307: [0mCannot find module './rmq/rabbit' or its corresponding type declarations.

[7m2[0m import { connect, queue } from "./rmq/rabbit";
[7m [0m [91m                               ~~~~~~~~~~~~~~[0m

TSError: тип Unable to compile TypeScript:
[96msrc/services/transactionService.ts[0m:[93m2[0m:[93m32[0m - [91merror[0m[90m TS2307: [0mCannot find module './rmq/rabbit' or its corresponding type declarations.

[7m2[0m import { connect, queue } from "./rmq/rabbit";
[7m [0m [91m                               ~~~~~~~~~~~~~~[0m

    at createTSError (C:\Users\DELL\Documents\Projects\txn-api\node_modules\ts-node\src\index.ts:859:12)
    at reportTSError (C:\Users\DELL\Documents\Projects\txn-api\node_modules\ts-node\src\index.ts:863:19)
    at getOutput (C:\Users\DELL\Documents\Projects\txn-api\node_modules\ts-node\src\index.ts:1077:36)
    at Object.compile (C:\Users\DELL\Documents\Projects\txn-api\node_modules\ts-node\src\index.ts:1433:41)
    at Module.m._compile (C:\Users\DELL\Documents\Projects\txn-api\node_modules\ts-node\src\index.ts:1617:30)
    at Module._extensions..js (node:internal/modules/cjs/loader:1426:10)
    at Object.require.extensions.<computed> [as .ts] (C:\Users\DELL\Documents\Projects\txn-api\node_modules\ts-node\src\index.ts:1621:12)
    at Module.load (node:internal/modules/cjs/loader:1205:32)
    at Function.Module._load (node:internal/modules/cjs/loader:1021:12)
    at Module.require (node:internal/modules/cjs/loader:1230:19)
2024-07-17 04:35:14 error: uncaughtException: тип Unable to compile TypeScript:
[96msrc/services/transactionService.ts[0m:[93m2[0m:[93m32[0m - [91merror[0m[90m TS2307: [0mCannot find module './rmq/rabbit' or its corresponding type declarations.

[7m2[0m import { connect, queue } from "./rmq/rabbit";
[7m [0m [91m                               ~~~~~~~~~~~~~~[0m

TSError: тип Unable to compile TypeScript:
[96msrc/services/transactionService.ts[0m:[93m2[0m:[93m32[0m - [91merror[0m[90m TS2307: [0mCannot find module './rmq/rabbit' or its corresponding type declarations.

[7m2[0m import { connect, queue } from "./rmq/rabbit";
[7m [0m [91m                               ~~~~~~~~~~~~~~[0m

    at createTSError (C:\Users\DELL\Documents\Projects\txn-api\node_modules\ts-node\src\index.ts:859:12)
    at reportTSError (C:\Users\DELL\Documents\Projects\txn-api\node_modules\ts-node\src\index.ts:863:19)
    at getOutput (C:\Users\DELL\Documents\Projects\txn-api\node_modules\ts-node\src\index.ts:1077:36)
    at Object.compile (C:\Users\DELL\Documents\Projects\txn-api\node_modules\ts-node\src\index.ts:1433:41)
    at Module.m._compile (C:\Users\DELL\Documents\Projects\txn-api\node_modules\ts-node\src\index.ts:1617:30)
    at Module._extensions..js (node:internal/modules/cjs/loader:1426:10)
    at Object.require.extensions.<computed> [as .ts] (C:\Users\DELL\Documents\Projects\txn-api\node_modules\ts-node\src\index.ts:1621:12)
    at Module.load (node:internal/modules/cjs/loader:1205:32)
    at Function.Module._load (node:internal/modules/cjs/loader:1021:12)
    at Module.require (node:internal/modules/cjs/loader:1230:19)
2024-07-17 04:36:23 error: uncaughtException: тип Unable to compile TypeScript:
[96msrc/services/transactionService.ts[0m:[93m2[0m:[93m32[0m - [91merror[0m[90m TS2307: [0mCannot find module './rmq/rabbit' or its corresponding type declarations.

[7m2[0m import { connect, queue } from "./rmq/rabbit";
[7m [0m [91m                               ~~~~~~~~~~~~~~[0m

TSError: тип Unable to compile TypeScript:
[96msrc/services/transactionService.ts[0m:[93m2[0m:[93m32[0m - [91merror[0m[90m TS2307: [0mCannot find module './rmq/rabbit' or its corresponding type declarations.

[7m2[0m import { connect, queue } from "./rmq/rabbit";
[7m [0m [91m                               ~~~~~~~~~~~~~~[0m

    at createTSError (C:\Users\DELL\Documents\Projects\txn-api\node_modules\ts-node\src\index.ts:859:12)
    at reportTSError (C:\Users\DELL\Documents\Projects\txn-api\node_modules\ts-node\src\index.ts:863:19)
    at getOutput (C:\Users\DELL\Documents\Projects\txn-api\node_modules\ts-node\src\index.ts:1077:36)
    at Object.compile (C:\Users\DELL\Documents\Projects\txn-api\node_modules\ts-node\src\index.ts:1433:41)
    at Module.m._compile (C:\Users\DELL\Documents\Projects\txn-api\node_modules\ts-node\src\index.ts:1617:30)
    at Module._extensions..js (node:internal/modules/cjs/loader:1426:10)
    at Object.require.extensions.<computed> [as .ts] (C:\Users\DELL\Documents\Projects\txn-api\node_modules\ts-node\src\index.ts:1621:12)
    at Module.load (node:internal/modules/cjs/loader:1205:32)
    at Function.Module._load (node:internal/modules/cjs/loader:1021:12)
    at Module.require (node:internal/modules/cjs/loader:1230:19)
2024-07-17 04:42:01 error: uncaughtException: тип Unable to compile TypeScript:
[96msrc/services/transactionService.ts[0m:[93m2[0m:[93m32[0m - [91merror[0m[90m TS2307: [0mCannot find module './rmq/rabbit' or its corresponding type declarations.

[7m2[0m import { connect, queue } from "./rmq/rabbit";
[7m [0m [91m                               ~~~~~~~~~~~~~~[0m

TSError: тип Unable to compile TypeScript:
[96msrc/services/transactionService.ts[0m:[93m2[0m:[93m32[0m - [91merror[0m[90m TS2307: [0mCannot find module './rmq/rabbit' or its corresponding type declarations.

[7m2[0m import { connect, queue } from "./rmq/rabbit";
[7m [0m [91m                               ~~~~~~~~~~~~~~[0m

    at createTSError (C:\Users\DELL\Documents\Projects\txn-api\node_modules\ts-node\src\index.ts:859:12)
    at reportTSError (C:\Users\DELL\Documents\Projects\txn-api\node_modules\ts-node\src\index.ts:863:19)
    at getOutput (C:\Users\DELL\Documents\Projects\txn-api\node_modules\ts-node\src\index.ts:1077:36)
    at Object.compile (C:\Users\DELL\Documents\Projects\txn-api\node_modules\ts-node\src\index.ts:1433:41)
    at Module.m._compile (C:\Users\DELL\Documents\Projects\txn-api\node_modules\ts-node\src\index.ts:1617:30)
    at Module._extensions..js (node:internal/modules/cjs/loader:1426:10)
    at Object.require.extensions.<computed> [as .ts] (C:\Users\DELL\Documents\Projects\txn-api\node_modules\ts-node\src\index.ts:1621:12)
    at Module.load (node:internal/modules/cjs/loader:1205:32)
    at Function.Module._load (node:internal/modules/cjs/loader:1021:12)
    at Module.require (node:internal/modules/cjs/loader:1230:19)
2024-07-17 05:00:27 error: uncaughtException: тип Unable to compile TypeScript:
[96msrc/services/transactionService.ts[0m:[93m32[0m:[93m34[0m - [91merror[0m[90m TS2339: [0mProperty 'add' does not exist on type 'typeof QueueService'.

[7m32[0m     await transactionUpdateQueue.add(job);
[7m  [0m [91m                                 ~~~[0m

TSError: тип Unable to compile TypeScript:
[96msrc/services/transactionService.ts[0m:[93m32[0m:[93m34[0m - [91merror[0m[90m TS2339: [0mProperty 'add' does not exist on type 'typeof QueueService'.

[7m32[0m     await transactionUpdateQueue.add(job);
[7m  [0m [91m                                 ~~~[0m

    at createTSError (C:\Users\DELL\Documents\Projects\txn-api\node_modules\ts-node\src\index.ts:859:12)
    at reportTSError (C:\Users\DELL\Documents\Projects\txn-api\node_modules\ts-node\src\index.ts:863:19)
    at getOutput (C:\Users\DELL\Documents\Projects\txn-api\node_modules\ts-node\src\index.ts:1077:36)
    at Object.compile (C:\Users\DELL\Documents\Projects\txn-api\node_modules\ts-node\src\index.ts:1433:41)
    at Module.m._compile (C:\Users\DELL\Documents\Projects\txn-api\node_modules\ts-node\src\index.ts:1617:30)
    at Module._extensions..js (node:internal/modules/cjs/loader:1426:10)
    at Object.require.extensions.<computed> [as .ts] (C:\Users\DELL\Documents\Projects\txn-api\node_modules\ts-node\src\index.ts:1621:12)
    at Module.load (node:internal/modules/cjs/loader:1205:32)
    at Function.Module._load (node:internal/modules/cjs/loader:1021:12)
    at Module.require (node:internal/modules/cjs/loader:1230:19)
2024-07-17 05:08:19 error: uncaughtException: тип Unable to compile TypeScript:
[96msrc/services/transactionService.ts[0m:[93m2[0m:[93m32[0m - [91merror[0m[90m TS2307: [0mCannot find module './queues/rabbit' or its corresponding type declarations.

[7m2[0m import { connect, queue } from "./queues/rabbit";
[7m [0m [91m                               ~~~~~~~~~~~~~~~~~[0m
[96msrc/services/transactionService.ts[0m:[93m32[0m:[93m34[0m - [91merror[0m[90m TS2339: [0mProperty 'add' does not exist on type 'typeof QueueService'.

[7m32[0m     await transactionUpdateQueue.add(job);
[7m  [0m [91m                                 ~~~[0m

TSError: тип Unable to compile TypeScript:
[96msrc/services/transactionService.ts[0m:[93m2[0m:[93m32[0m - [91merror[0m[90m TS2307: [0mCannot find module './queues/rabbit' or its corresponding type declarations.

[7m2[0m import { connect, queue } from "./queues/rabbit";
[7m [0m [91m                               ~~~~~~~~~~~~~~~~~[0m
[96msrc/services/transactionService.ts[0m:[93m32[0m:[93m34[0m - [91merror[0m[90m TS2339: [0mProperty 'add' does not exist on type 'typeof QueueService'.

[7m32[0m     await transactionUpdateQueue.add(job);
[7m  [0m [91m                                 ~~~[0m

    at createTSError (C:\Users\DELL\Documents\Projects\txn-api\node_modules\ts-node\src\index.ts:859:12)
    at reportTSError (C:\Users\DELL\Documents\Projects\txn-api\node_modules\ts-node\src\index.ts:863:19)
    at getOutput (C:\Users\DELL\Documents\Projects\txn-api\node_modules\ts-node\src\index.ts:1077:36)
    at Object.compile (C:\Users\DELL\Documents\Projects\txn-api\node_modules\ts-node\src\index.ts:1433:41)
    at Module.m._compile (C:\Users\DELL\Documents\Projects\txn-api\node_modules\ts-node\src\index.ts:1617:30)
    at Module._extensions..js (node:internal/modules/cjs/loader:1426:10)
    at Object.require.extensions.<computed> [as .ts] (C:\Users\DELL\Documents\Projects\txn-api\node_modules\ts-node\src\index.ts:1621:12)
    at Module.load (node:internal/modules/cjs/loader:1205:32)
    at Function.Module._load (node:internal/modules/cjs/loader:1021:12)
    at Module.require (node:internal/modules/cjs/loader:1230:19)
2024-07-17 05:09:25 error: uncaughtException: тип Unable to compile TypeScript:
[96msrc/services/transactionService.ts[0m:[93m2[0m:[93m32[0m - [91merror[0m[90m TS2307: [0mCannot find module './queues/rabbit' or its corresponding type declarations.

[7m2[0m import { connect, queue } from "./queues/rabbit";
[7m [0m [91m                               ~~~~~~~~~~~~~~~~~[0m
[96msrc/services/transactionService.ts[0m:[93m32[0m:[93m34[0m - [91merror[0m[90m TS2339: [0mProperty 'add' does not exist on type 'typeof QueueService'.

[7m32[0m     await transactionUpdateQueue.add(job);
[7m  [0m [91m                                 ~~~[0m

TSError: тип Unable to compile TypeScript:
[96msrc/services/transactionService.ts[0m:[93m2[0m:[93m32[0m - [91merror[0m[90m TS2307: [0mCannot find module './queues/rabbit' or its corresponding type declarations.

[7m2[0m import { connect, queue } from "./queues/rabbit";
[7m [0m [91m                               ~~~~~~~~~~~~~~~~~[0m
[96msrc/services/transactionService.ts[0m:[93m32[0m:[93m34[0m - [91merror[0m[90m TS2339: [0mProperty 'add' does not exist on type 'typeof QueueService'.

[7m32[0m     await transactionUpdateQueue.add(job);
[7m  [0m [91m                                 ~~~[0m

    at createTSError (C:\Users\DELL\Documents\Projects\txn-api\node_modules\ts-node\src\index.ts:859:12)
    at reportTSError (C:\Users\DELL\Documents\Projects\txn-api\node_modules\ts-node\src\index.ts:863:19)
    at getOutput (C:\Users\DELL\Documents\Projects\txn-api\node_modules\ts-node\src\index.ts:1077:36)
    at Object.compile (C:\Users\DELL\Documents\Projects\txn-api\node_modules\ts-node\src\index.ts:1433:41)
    at Module.m._compile (C:\Users\DELL\Documents\Projects\txn-api\node_modules\ts-node\src\index.ts:1617:30)
    at Module._extensions..js (node:internal/modules/cjs/loader:1426:10)
    at Object.require.extensions.<computed> [as .ts] (C:\Users\DELL\Documents\Projects\txn-api\node_modules\ts-node\src\index.ts:1621:12)
    at Module.load (node:internal/modules/cjs/loader:1205:32)
    at Function.Module._load (node:internal/modules/cjs/loader:1021:12)
    at Module.require (node:internal/modules/cjs/loader:1230:19)
2024-07-17 05:10:29 error: uncaughtException: тип Unable to compile TypeScript:
[96msrc/services/transactionService.ts[0m:[93m2[0m:[93m32[0m - [91merror[0m[90m TS2307: [0mCannot find module './queues/rabbit' or its corresponding type declarations.

[7m2[0m import { connect, queue } from "./queues/rabbit";
[7m [0m [91m                               ~~~~~~~~~~~~~~~~~[0m
[96msrc/services/transactionService.ts[0m:[93m32[0m:[93m34[0m - [91merror[0m[90m TS2339: [0mProperty 'add' does not exist on type 'typeof QueueService'.

[7m32[0m     await transactionUpdateQueue.add(job);
[7m  [0m [91m                                 ~~~[0m

TSError: тип Unable to compile TypeScript:
[96msrc/services/transactionService.ts[0m:[93m2[0m:[93m32[0m - [91merror[0m[90m TS2307: [0mCannot find module './queues/rabbit' or its corresponding type declarations.

[7m2[0m import { connect, queue } from "./queues/rabbit";
[7m [0m [91m                               ~~~~~~~~~~~~~~~~~[0m
[96msrc/services/transactionService.ts[0m:[93m32[0m:[93m34[0m - [91merror[0m[90m TS2339: [0mProperty 'add' does not exist on type 'typeof QueueService'.

[7m32[0m     await transactionUpdateQueue.add(job);
[7m  [0m [91m                                 ~~~[0m

    at createTSError (C:\Users\DELL\Documents\Projects\txn-api\node_modules\ts-node\src\index.ts:859:12)
    at reportTSError (C:\Users\DELL\Documents\Projects\txn-api\node_modules\ts-node\src\index.ts:863:19)
    at getOutput (C:\Users\DELL\Documents\Projects\txn-api\node_modules\ts-node\src\index.ts:1077:36)
    at Object.compile (C:\Users\DELL\Documents\Projects\txn-api\node_modules\ts-node\src\index.ts:1433:41)
    at Module.m._compile (C:\Users\DELL\Documents\Projects\txn-api\node_modules\ts-node\src\index.ts:1617:30)
    at Module._extensions..js (node:internal/modules/cjs/loader:1426:10)
    at Object.require.extensions.<computed> [as .ts] (C:\Users\DELL\Documents\Projects\txn-api\node_modules\ts-node\src\index.ts:1621:12)
    at Module.load (node:internal/modules/cjs/loader:1205:32)
    at Function.Module._load (node:internal/modules/cjs/loader:1021:12)
    at Module.require (node:internal/modules/cjs/loader:1230:19)
2024-07-17 05:33:04 error: uncaughtException: тип Unable to compile TypeScript:
[96msrc/services/transactionService.ts[0m:[93m2[0m:[93m32[0m - [91merror[0m[90m TS2307: [0mCannot find module './queues/rabbit' or its corresponding type declarations.

[7m2[0m import { connect, queue } from "./queues/rabbit";
[7m [0m [91m                               ~~~~~~~~~~~~~~~~~[0m
[96msrc/services/transactionService.ts[0m:[93m3[0m:[93m36[0m - [91merror[0m[90m TS2307: [0mCannot find module './queues/transactionqueue' or its corresponding type declarations.

[7m3[0m import transactionUpdateQueue from "./queues/transactionqueue";
[7m [0m [91m                                   ~~~~~~~~~~~~~~~~~~~~~~~~~~~[0m

TSError: тип Unable to compile TypeScript:
[96msrc/services/transactionService.ts[0m:[93m2[0m:[93m32[0m - [91merror[0m[90m TS2307: [0mCannot find module './queues/rabbit' or its corresponding type declarations.

[7m2[0m import { connect, queue } from "./queues/rabbit";
[7m [0m [91m                               ~~~~~~~~~~~~~~~~~[0m
[96msrc/services/transactionService.ts[0m:[93m3[0m:[93m36[0m - [91merror[0m[90m TS2307: [0mCannot find module './queues/transactionqueue' or its corresponding type declarations.

[7m3[0m import transactionUpdateQueue from "./queues/transactionqueue";
[7m [0m [91m                                   ~~~~~~~~~~~~~~~~~~~~~~~~~~~[0m

    at createTSError (C:\Users\DELL\Documents\Projects\txn-api\node_modules\ts-node\src\index.ts:859:12)
    at reportTSError (C:\Users\DELL\Documents\Projects\txn-api\node_modules\ts-node\src\index.ts:863:19)
    at getOutput (C:\Users\DELL\Documents\Projects\txn-api\node_modules\ts-node\src\index.ts:1077:36)
    at Object.compile (C:\Users\DELL\Documents\Projects\txn-api\node_modules\ts-node\src\index.ts:1433:41)
    at Module.m._compile (C:\Users\DELL\Documents\Projects\txn-api\node_modules\ts-node\src\index.ts:1617:30)
    at Module._extensions..js (node:internal/modules/cjs/loader:1426:10)
    at Object.require.extensions.<computed> [as .ts] (C:\Users\DELL\Documents\Projects\txn-api\node_modules\ts-node\src\index.ts:1621:12)
    at Module.load (node:internal/modules/cjs/loader:1205:32)
    at Function.Module._load (node:internal/modules/cjs/loader:1021:12)
    at Module.require (node:internal/modules/cjs/loader:1230:19)
2024-07-17 05:34:00 error: uncaughtException: тип Unable to compile TypeScript:
[96msrc/services/transactionService.ts[0m:[93m2[0m:[93m32[0m - [91merror[0m[90m TS2307: [0mCannot find module './queues/processor.default' or its corresponding type declarations.

[7m2[0m import { connect, queue } from "./queues/processor.default";
[7m [0m [91m                               ~~~~~~~~~~~~~~~~~~~~~~~~~~~~[0m
[96msrc/services/transactionService.ts[0m:[93m3[0m:[93m36[0m - [91merror[0m[90m TS2307: [0mCannot find module './queues/transactionqueue' or its corresponding type declarations.

[7m3[0m import transactionUpdateQueue from "./queues/transactionqueue";
[7m [0m [91m                                   ~~~~~~~~~~~~~~~~~~~~~~~~~~~[0m

TSError: тип Unable to compile TypeScript:
[96msrc/services/transactionService.ts[0m:[93m2[0m:[93m32[0m - [91merror[0m[90m TS2307: [0mCannot find module './queues/processor.default' or its corresponding type declarations.

[7m2[0m import { connect, queue } from "./queues/processor.default";
[7m [0m [91m                               ~~~~~~~~~~~~~~~~~~~~~~~~~~~~[0m
[96msrc/services/transactionService.ts[0m:[93m3[0m:[93m36[0m - [91merror[0m[90m TS2307: [0mCannot find module './queues/transactionqueue' or its corresponding type declarations.

[7m3[0m import transactionUpdateQueue from "./queues/transactionqueue";
[7m [0m [91m                                   ~~~~~~~~~~~~~~~~~~~~~~~~~~~[0m

    at createTSError (C:\Users\DELL\Documents\Projects\txn-api\node_modules\ts-node\src\index.ts:859:12)
    at reportTSError (C:\Users\DELL\Documents\Projects\txn-api\node_modules\ts-node\src\index.ts:863:19)
    at getOutput (C:\Users\DELL\Documents\Projects\txn-api\node_modules\ts-node\src\index.ts:1077:36)
    at Object.compile (C:\Users\DELL\Documents\Projects\txn-api\node_modules\ts-node\src\index.ts:1433:41)
    at Module.m._compile (C:\Users\DELL\Documents\Projects\txn-api\node_modules\ts-node\src\index.ts:1617:30)
    at Module._extensions..js (node:internal/modules/cjs/loader:1426:10)
    at Object.require.extensions.<computed> [as .ts] (C:\Users\DELL\Documents\Projects\txn-api\node_modules\ts-node\src\index.ts:1621:12)
    at Module.load (node:internal/modules/cjs/loader:1205:32)
    at Function.Module._load (node:internal/modules/cjs/loader:1021:12)
    at Module.require (node:internal/modules/cjs/loader:1230:19)
